[0.114s] Invoking command in '/sim_ws/build/wall_follow': CMAKE_PREFIX_PATH=${CMAKE_PREFIX_PATH}:/sim_ws/install/f1tenth_gym_ros:/opt/ros/foxy /usr/bin/cmake --build /sim_ws/build/wall_follow -- -j10 -l10
[0.145s] [35m[1mScanning dependencies of target wall_follow_node[0m
[0.177s] [ 50%] [32mBuilding CXX object CMakeFiles/wall_follow_node.dir/src/wall_follow_node.cpp.o[0m
[0.848s] [01m[K/sim_ws/src/wall_follow/src/wall_follow_node.cpp:[m[K In member function â€˜[01m[Kvoid WallFollow::scan_callback(sensor_msgs::msg::LaserScan_<std::allocator<void> >::ConstSharedPtr)[m[Kâ€™:
[0.848s] [01m[K/sim_ws/src/wall_follow/src/wall_follow_node.cpp:149:63:[m[K [01;31m[Kerror: [m[Kâ€˜[01m[Kcout[m[Kâ€™ has not been declared
[0.848s]   149 |         std::cout << "timestamp of message: " << timestamp << [01;31m[Kcout[m[K::endl;
[0.849s]       |                                                               [01;31m[K^~~~[m[K
[1.670s] make[2]: *** [CMakeFiles/wall_follow_node.dir/build.make:63: CMakeFiles/wall_follow_node.dir/src/wall_follow_node.cpp.o] Error 1
[1.670s] make[1]: *** [CMakeFiles/Makefile2:78: CMakeFiles/wall_follow_node.dir/all] Error 2
[1.670s] make: *** [Makefile:141: all] Error 2
[1.672s] Invoked command in '/sim_ws/build/wall_follow' returned '2': CMAKE_PREFIX_PATH=${CMAKE_PREFIX_PATH}:/sim_ws/install/f1tenth_gym_ros:/opt/ros/foxy /usr/bin/cmake --build /sim_ws/build/wall_follow -- -j10 -l10
