[0.099s] Invoking command in '/sim_ws/build/wall_follow': CMAKE_PREFIX_PATH=/opt/ros/foxy /usr/bin/cmake /sim_ws/src/wall_follow -DCMAKE_INSTALL_PREFIX=/sim_ws/install/wall_follow
[0.121s] -- Found ament_cmake: 0.9.12 (/opt/ros/foxy/share/ament_cmake/cmake)
[0.134s] -- Found PythonInterp: /usr/bin/python3 (found suitable version "3.8.10", minimum required is "3") 
[0.134s] -- Using PYTHON_EXECUTABLE: /usr/bin/python3
[0.223s] -- Found rclcpp: 2.4.3 (/opt/ros/foxy/share/rclcpp/cmake)
[0.262s] -- Using all available rosidl_typesupport_c: rosidl_typesupport_fastrtps_c;rosidl_typesupport_introspection_c
[0.269s] -- Found rosidl_adapter: 1.3.1 (/opt/ros/foxy/share/rosidl_adapter/cmake)
[0.320s] -- Found OpenSSL: /usr/lib/aarch64-linux-gnu/libcrypto.so (found version "1.1.1f")  
[0.333s] -- Found FastRTPS: /opt/ros/foxy/include  
[0.385s] -- Using all available rosidl_typesupport_cpp: rosidl_typesupport_fastrtps_cpp;rosidl_typesupport_introspection_cpp
[0.431s] -- Found rmw_implementation_cmake: 1.0.4 (/opt/ros/foxy/share/rmw_implementation_cmake/cmake)
[0.433s] -- Using RMW implementation 'rmw_fastrtps_cpp' as default
[0.434s] -- Looking for pthread.h
[0.488s] -- Looking for pthread.h - found
[0.489s] -- Performing Test CMAKE_HAVE_LIBC_PTHREAD
[0.532s] -- Performing Test CMAKE_HAVE_LIBC_PTHREAD - Failed
[0.532s] -- Looking for pthread_create in pthreads
[0.568s] -- Looking for pthread_create in pthreads - not found
[0.568s] -- Looking for pthread_create in pthread
[0.607s] -- Looking for pthread_create in pthread - found
[0.608s] -- Found Threads: TRUE  
[0.721s] -- Found rclpy: 1.0.13 (/opt/ros/foxy/share/rclpy/cmake)
[0.722s] -- Found geometry_msgs: 2.0.5 (/opt/ros/foxy/share/geometry_msgs/cmake)
[0.749s] -- Found nav_msgs: 2.0.5 (/opt/ros/foxy/share/nav_msgs/cmake)
[0.802s] -- Found ackermann_msgs: 2.0.2 (/opt/ros/foxy/share/ackermann_msgs/cmake)
[0.828s] -- Found sensor_msgs: 2.0.5 (/opt/ros/foxy/share/sensor_msgs/cmake)
[0.898s] -- Found ament_lint_auto: 0.9.8 (/opt/ros/foxy/share/ament_lint_auto/cmake)
[0.942s] -- Added test 'copyright' to check source files copyright and LICENSE
[0.949s] -- Added test 'cppcheck' to perform static code analysis on C / C++ code
[0.949s] -- Configured cppcheck include dirs: /sim_ws/src/wall_follow/include
[0.949s] -- Configured cppcheck exclude dirs and/or files: 
[0.955s] -- Added test 'cpplint' to check C / C++ code against the Google style
[0.955s] -- Configured cpplint exclude dirs and/or files: 
[0.956s] -- Added test 'flake8' to check Python code syntax and style conventions
[0.959s] -- Added test 'lint_cmake' to check CMake code style
[0.960s] -- Added test 'pep257' to check Python code against some of the style conventions in PEP 257
[0.967s] -- Added test 'uncrustify' to check C / C++ code style
[0.967s] -- Configured uncrustify additional arguments: 
[0.968s] -- Added test 'xmllint' to check XML markup files
[0.970s] -- Configuring done
[0.977s] -- Generating done
[0.978s] -- Build files have been written to: /sim_ws/build/wall_follow
[0.981s] Invoked command in '/sim_ws/build/wall_follow' returned '0': CMAKE_PREFIX_PATH=/opt/ros/foxy /usr/bin/cmake /sim_ws/src/wall_follow -DCMAKE_INSTALL_PREFIX=/sim_ws/install/wall_follow
[0.983s] Invoking command in '/sim_ws/build/wall_follow': CMAKE_PREFIX_PATH=/opt/ros/foxy /usr/bin/cmake --build /sim_ws/build/wall_follow -- -j10 -l10
[1.005s] [35m[1mScanning dependencies of target wall_follow_node[0m
[1.094s] [ 50%] [32mBuilding CXX object CMakeFiles/wall_follow_node.dir/src/wall_follow_node.cpp.o[0m
[1.849s] [01m[K/sim_ws/src/wall_follow/src/wall_follow_node.cpp:[m[K In constructor â€˜[01m[KWallFollow::WallFollow()[m[Kâ€™:
[1.849s] [01m[K/sim_ws/src/wall_follow/src/wall_follow_node.cpp:17:9:[m[K [01;31m[Kerror: [m[Kâ€˜[01m[Kdrivepub[m[Kâ€™ was not declared in this scope
[1.849s]    17 |         [01;31m[Kdrivepub[m[K = this->create_publisher<ackermann_msgs::msg::AckermannDriveStamped>(drive_topic);
[1.849s]       |         [01;31m[K^~~~~~~~[m[K
[1.849s] [01m[K/sim_ws/src/wall_follow/src/wall_follow_node.cpp:17:98:[m[K [01;31m[Kerror: [m[Kno matching function for call to â€˜[01m[KWallFollow::create_publisher<ackermann_msgs::msg::AckermannDriveStamped>(std::string&)[m[Kâ€™
[1.849s]    17 |         drivepub = this->create_publisher<ackermann_msgs::msg::AckermannDriveStamped>(drive_topic[01;31m[K)[m[K;
[1.849s]       |                                                                                                  [01;31m[K^[m[K
[1.849s] In file included from [01m[K/opt/ros/foxy/include/rclcpp/executors/single_threaded_executor.hpp:28[m[K,
[1.849s]                  from [01m[K/opt/ros/foxy/include/rclcpp/executors.hpp:22[m[K,
[1.849s]                  from [01m[K/opt/ros/foxy/include/rclcpp/rclcpp.hpp:146[m[K,
[1.849s]                  from [01m[K/sim_ws/src/wall_follow/src/wall_follow_node.cpp:1[m[K:
[1.849s] [01m[K/opt/ros/foxy/include/rclcpp/node.hpp:184:3:[m[K [01;36m[Knote: [m[Kcandidate: â€˜[01m[Ktemplate<class MessageT, class AllocatorT, class PublisherT> std::shared_ptr<PublisherT> rclcpp::Node::create_publisher(const string&, const rclcpp::QoS&, const rclcpp::PublisherOptionsWithAllocator<AllocatorT>&)[m[Kâ€™
[1.849s]   184 |   [01;36m[Kcreate_publisher[m[K(
[1.849s]       |   [01;36m[K^~~~~~~~~~~~~~~~[m[K
[1.849s] [01m[K/opt/ros/foxy/include/rclcpp/node.hpp:184:3:[m[K [01;36m[Knote: [m[K  template argument deduction/substitution failed:
[1.849s] [01m[K/sim_ws/src/wall_follow/src/wall_follow_node.cpp:17:98:[m[K [01;36m[Knote: [m[K  candidate expects 3 arguments, 1 provided
[1.849s]    17 |         drivepub = this->create_publisher<ackermann_msgs::msg::AckermannDriveStamped>(drive_topic[01;36m[K)[m[K;
[1.849s]       |                                                                                                  [01;36m[K^[m[K
[1.850s] [01m[K/sim_ws/src/wall_follow/src/wall_follow_node.cpp:18:9:[m[K [01;31m[Kerror: [m[Kâ€˜[01m[Klasersub[m[Kâ€™ was not declared in this scope
[1.850s]    18 |         [01;31m[Klasersub[m[K = this->create_subscription<sensor_msgs::msg::LaserScan>(lidarscan_topic, 10, std::bind(&WallFollow::scan_callback, this, _1));
[1.850s]       |         [01;31m[K^~~~~~~~[m[K
[1.850s] [01m[K/sim_ws/src/wall_follow/src/wall_follow_node.cpp:18:140:[m[K [01;31m[Kerror: [m[Kâ€˜[01m[K_1[m[Kâ€™ was not declared in this scope; did you mean â€˜[01m[Kstd::placeholders::_1[m[Kâ€™?
[1.850s]    18 |         lasersub = this->create_subscription<sensor_msgs::msg::LaserScan>(lidarscan_topic, 10, std::bind(&WallFollow::scan_callback, this, [01;31m[K_1[m[K));
[1.850s]       |                                                                                                                                            [01;31m[K^~[m[K
[1.850s]       |                                                                                                                                            [32m[Kstd::placeholders::_1[m[K
[1.850s] In file included from [01m[K/opt/ros/foxy/include/rclcpp/context.hpp:19[m[K,
[1.851s]                  from [01m[K/opt/ros/foxy/include/rclcpp/contexts/default_context.hpp:18[m[K,
[1.851s]                  from [01m[K/opt/ros/foxy/include/rclcpp/executor.hpp:32[m[K,
[1.851s]                  from [01m[K/opt/ros/foxy/include/rclcpp/executors/multi_threaded_executor.hpp:26[m[K,
[1.851s]                  from [01m[K/opt/ros/foxy/include/rclcpp/executors.hpp:21[m[K,
[1.851s]                  from [01m[K/opt/ros/foxy/include/rclcpp/rclcpp.hpp:146[m[K,
[1.851s]                  from [01m[K/sim_ws/src/wall_follow/src/wall_follow_node.cpp:1[m[K:
[1.851s] [01m[K/usr/include/c++/9/functional:211:34:[m[K [01;36m[Knote: [m[Kâ€˜[01m[Kstd::placeholders::_1[m[Kâ€™ declared here
[1.851s]   211 |     extern const _Placeholder<1> [01;36m[K_1[m[K;
[1.851s]       |                                  [01;36m[K^~[m[K
[1.851s] [01m[K/sim_ws/src/wall_follow/src/wall_follow_node.cpp:[m[K In member function â€˜[01m[Kdouble WallFollow::get_range(float*, double, double, double)[m[Kâ€™:
[1.851s] [01m[K/sim_ws/src/wall_follow/src/wall_follow_node.cpp:45:33:[m[K [01;31m[Kerror: [m[Krequest for member â€˜[01m[Ksize[m[Kâ€™ in â€˜[01m[Krange_data[m[Kâ€™, which is of non-class type â€˜[01m[Kfloat*[m[Kâ€™
[1.851s]    45 |         int length = range_data.[01;31m[Ksize[m[K()
[1.851s]       |                                 [01;31m[K^~~~[m[K
[1.851s] [01m[K/sim_ws/src/wall_follow/src/wall_follow_node.cpp:47:32:[m[K [01;31m[Kerror: [m[Kinvalid types â€˜[01m[Kfloat*[<unresolved overloaded function type>][m[Kâ€™ for array subscript
[1.851s]    47 |         return range_data[index[01;31m[K][m[K;
[1.851s]       |                                [01;31m[K^[m[K
[1.851s] [01m[K/sim_ws/src/wall_follow/src/wall_follow_node.cpp:45:13:[m[K [01;35m[Kwarning: [m[Kunused variable â€˜[01m[Klength[m[Kâ€™ [[01;35m[K-Wunused-variable[m[K]
[1.851s]    45 |         int [01;35m[Klength[m[K = range_data.size()
[1.851s]       |             [01;35m[K^~~~~~[m[K
[1.852s] [01m[K/sim_ws/src/wall_follow/src/wall_follow_node.cpp:33:48:[m[K [01;35m[Kwarning: [m[Kunused parameter â€˜[01m[Kangle[m[Kâ€™ [[01;35m[K-Wunused-parameter[m[K]
[1.852s]    33 |     double get_range(float* range_data, [01;35m[Kdouble angle[m[K, double min_angle, double angle_increment)
[1.852s]       |                                         [01;35m[K~~~~~~~^~~~~[m[K
[1.852s] [01m[K/sim_ws/src/wall_follow/src/wall_follow_node.cpp:33:62:[m[K [01;35m[Kwarning: [m[Kunused parameter â€˜[01m[Kmin_angle[m[Kâ€™ [[01;35m[K-Wunused-parameter[m[K]
[1.852s]    33 |     double get_range(float* range_data, double angle, [01;35m[Kdouble min_angle[m[K, double angle_increment)
[1.852s]       |                                                       [01;35m[K~~~~~~~^~~~~~~~~[m[K
[1.852s] [01m[K/sim_ws/src/wall_follow/src/wall_follow_node.cpp:33:80:[m[K [01;35m[Kwarning: [m[Kunused parameter â€˜[01m[Kangle_increment[m[Kâ€™ [[01;35m[K-Wunused-parameter[m[K]
[1.852s]    33 |     double get_range(float* range_data, double angle, double min_angle, [01;35m[Kdouble angle_increment[m[K)
[1.852s]       |                                                                         [01;35m[K~~~~~~~^~~~~~~~~~~~~~~[m[K
[1.852s] [01m[K/sim_ws/src/wall_follow/src/wall_follow_node.cpp:[m[K In member function â€˜[01m[Kdouble WallFollow::get_error(float*, double, double, double)[m[Kâ€™:
[1.852s] [01m[K/sim_ws/src/wall_follow/src/wall_follow_node.cpp:62:9:[m[K [01;31m[Kerror: [m[Kâ€˜[01m[KL[m[Kâ€™ was not declared in this scope
[1.852s]    62 |         [01;31m[KL[m[K = 0.2 //lookahead distance
[1.852s]       |         [01;31m[K^[m[K
[1.852s] [01m[K/sim_ws/src/wall_follow/src/wall_follow_node.cpp:65:42:[m[K [01;31m[Kerror: [m[Kâ€˜[01m[Ktheta[m[Kâ€™ was not declared in this scope
[1.852s]    65 |         double alpha = atan((a_range*cos([01;31m[Ktheta[m[K) - b_range)/a_range*sin(theta))
[1.852s]       |                                          [01;31m[K^~~~~[m[K
[1.853s] [01m[K/sim_ws/src/wall_follow/src/wall_follow_node.cpp:72:16:[m[K [01;31m[Kerror: [m[Kâ€˜[01m[KDtplus1[m[Kâ€™ was not declared in this scope
[1.853s]    72 |         return([01;31m[KDtplus1[m[K - DistToWall);
[1.853s]       |                [01;31m[K^~~~~~~[m[K
[1.855s] [01m[K/sim_ws/src/wall_follow/src/wall_follow_node.cpp:72:26:[m[K [01;31m[Kerror: [m[Kâ€˜[01m[KDistToWall[m[Kâ€™ was not declared in this scope
[1.855s]    72 |         return(Dtplus1 - [01;31m[KDistToWall[m[K);
[1.855s]       |                          [01;31m[K^~~~~~~~~~[m[K
[1.855s] [01m[K/sim_ws/src/wall_follow/src/wall_follow_node.cpp:65:16:[m[K [01;35m[Kwarning: [m[Kunused variable â€˜[01m[Kalpha[m[Kâ€™ [[01;35m[K-Wunused-variable[m[K]
[1.855s]    65 |         double [01;35m[Kalpha[m[K = atan((a_range*cos(theta) - b_range)/a_range*sin(theta))
[1.855s]       |                [01;35m[K^~~~~[m[K
[1.855s] [01m[K/sim_ws/src/wall_follow/src/wall_follow_node.cpp:50:29:[m[K [01;35m[Kwarning: [m[Kunused parameter â€˜[01m[Krange_data[m[Kâ€™ [[01;35m[K-Wunused-parameter[m[K]
[1.855s]    50 |     double get_error([01;35m[Kfloat* range_data[m[K, double dist, double a_range, double b_range)
[1.855s]       |                      [01;35m[K~~~~~~~^~~~~~~~~~[m[K
[1.855s] [01m[K/sim_ws/src/wall_follow/src/wall_follow_node.cpp:50:48:[m[K [01;35m[Kwarning: [m[Kunused parameter â€˜[01m[Kdist[m[Kâ€™ [[01;35m[K-Wunused-parameter[m[K]
[1.855s]    50 |     double get_error(float* range_data, [01;35m[Kdouble dist[m[K, double a_range, double b_range)
[1.855s]       |                                         [01;35m[K~~~~~~~^~~~[m[K
[1.855s] [01m[K/sim_ws/src/wall_follow/src/wall_follow_node.cpp:[m[K In member function â€˜[01m[Kvoid WallFollow::pid_control(double)[m[Kâ€™:
[1.855s] [01m[K/sim_ws/src/wall_follow/src/wall_follow_node.cpp:98:30:[m[K [01;31m[Kerror: [m[Kexpected identifier before â€˜[01m[K([m[Kâ€™ token
[1.855s]    98 |          if (abs(u) >= 0) && [01;31m[K([m[Kabs(u) < 10){
[1.855s]       |                              [01;31m[K^[m[K
[1.855s] [01m[K/sim_ws/src/wall_follow/src/wall_follow_node.cpp:98:30:[m[K [01;35m[Kwarning: [m[Ktaking the address of a label is non-standard [[01;35m[K-Wpedantic[m[K]
[1.856s] [01m[K/sim_ws/src/wall_follow/src/wall_follow_node.cpp:100:36:[m[K [01;31m[Kerror: [m[Kexpected identifier before â€˜[01m[K([m[Kâ€™ token
[1.856s]   100 |         } else if (abs(u) > 10) && [01;31m[K([m[Kabs(u) < 20){
[1.856s]       |                                    [01;31m[K^[m[K
[1.856s] [01m[K/sim_ws/src/wall_follow/src/wall_follow_node.cpp:100:36:[m[K [01;35m[Kwarning: [m[Ktaking the address of a label is non-standard [[01;35m[K-Wpedantic[m[K]
[1.856s] [01m[K/sim_ws/src/wall_follow/src/wall_follow_node.cpp:103:13:[m[K [01;31m[Kerror: [m[Kâ€˜[01m[Kvelocity[m[Kâ€™ was not declared in this scope
[1.857s]   103 |             [01;31m[Kvelocity[m[K = 0.5;
[1.857s]       |             [01;31m[K^~~~~~~~[m[K
[1.857s] [01m[K/sim_ws/src/wall_follow/src/wall_follow_node.cpp:106:25:[m[K [01;31m[Kerror: [m[Kâ€˜[01m[Kusing _drive_type = struct ackermann_msgs::msg::AckermannDrive_<std::allocator<void> >[m[Kâ€™ {aka â€˜[01m[Kstruct ackermann_msgs::msg::AckermannDrive_<std::allocator<void> >[m[Kâ€™} has no member named â€˜[01m[Kvelocity[m[Kâ€™
[1.857s]   106 |         drive_msg.drive.[01;31m[Kvelocity[m[K = velocity
[1.857s]       |                         [01;31m[K^~~~~~~~[m[K
[1.858s] [01m[K/sim_ws/src/wall_follow/src/wall_follow_node.cpp:106:36:[m[K [01;31m[Kerror: [m[Kâ€˜[01m[Kvelocity[m[Kâ€™ was not declared in this scope
[1.858s]   106 |         drive_msg.drive.velocity = [01;31m[Kvelocity[m[K
[1.858s]       |                                    [01;31m[K^~~~~~~~[m[K
[1.860s] [01m[K/sim_ws/src/wall_follow/src/wall_follow_node.cpp:[m[K In member function â€˜[01m[Kvoid WallFollow::scan_callback(sensor_msgs::msg::LaserScan_<std::allocator<void> >::ConstSharedPtr)[m[Kâ€™:
[1.860s] [01m[K/sim_ws/src/wall_follow/src/wall_follow_node.cpp:126:78:[m[K [01;31m[Kerror: [m[Kâ€˜[01m[Kusing element_type = const struct sensor_msgs::msg::LaserScan_<std::allocator<void> >[m[Kâ€™ {aka â€˜[01m[Kconst struct sensor_msgs::msg::LaserScan_<std::allocator<void> >[m[Kâ€™} has no member named â€˜[01m[Kmin_angle[m[Kâ€™
[1.860s]   126 |         double a_range = get_range(scan_msg->ranges, a_scan_angle, scan_msg->[01;31m[Kmin_angle[m[K, scan_msg->angle_increment);
[1.860s]       |                                                                              [01;31m[K^~~~~~~~~[m[K
[1.860s] [01m[K/sim_ws/src/wall_follow/src/wall_follow_node.cpp:127:78:[m[K [01;31m[Kerror: [m[Kâ€˜[01m[Kusing element_type = const struct sensor_msgs::msg::LaserScan_<std::allocator<void> >[m[Kâ€™ {aka â€˜[01m[Kconst struct sensor_msgs::msg::LaserScan_<std::allocator<void> >[m[Kâ€™} has no member named â€˜[01m[Kmin_angle[m[Kâ€™
[1.860s]   127 |         double b_range = get_range(scan_msg->ranges, b_scan_angle, scan_msg->[01;31m[Kmin_angle[m[K, scan_msg->angle_increment);
[1.860s]       |                                                                              [01;31m[K^~~~~~~~~[m[K
[1.860s] [01m[K/sim_ws/src/wall_follow/src/wall_follow_node.cpp:129:13:[m[K [01;31m[Kerror: [m[Kexpected â€˜[01m[K;[m[Kâ€™ before â€˜[01m[Kprev_error[m[Kâ€™
[1.860s]   129 |         this[01;31m[K [m[K[32m[Kprev_error[m[K = this->error;
[1.860s]       |             [01;31m[K^[m[K[32m[K~~~~~~~~~~[m[K
[1.860s]       |             [32m[K;[m[K
[1.860s] [01m[K/sim_ws/src/wall_follow/src/wall_follow_node.cpp:129:38:[m[K [01;35m[Kwarning: [m[Kstatement has no effect [[01;35m[K-Wunused-value[m[K]
[1.860s]   129 |         this prev_error = this->error[01;35m[K;[m[K
[1.860s]       |                                      [01;35m[K^[m[K
[1.862s] [01m[K/sim_ws/src/wall_follow/src/wall_follow_node.cpp:130:51:[m[K [01;31m[Kerror: [m[Kâ€˜[01m[Kdist_to_wall[m[Kâ€™ was not declared in this scope
[1.862s]   130 |         this->error = get_error(scan_msg->ranges, [01;31m[Kdist_to_wall[m[K, a_range, b_range); // degrees
[1.862s]       |                                                   [01;31m[K^~~~~~~~~~~~[m[K
[1.862s] [01m[K/sim_ws/src/wall_follow/src/wall_follow_node.cpp:131:38:[m[K [01;31m[Kerror: [m[Kexpected â€˜[01m[K;[m[Kâ€™ before â€˜[01m[Kdouble[m[Kâ€™
[1.862s]   131 |         this->integral += this->error
[1.862s]       |                                      [01;31m[K^[m[K
[1.862s]       |                                      [32m[K;[m[K
[1.862s]   132 | 
[1.862s]   133 |         [32m[Kdouble[m[K timestamp = 0.0;
[1.862s]       |         [32m[K~~~~~~[m[K                        
[1.863s] [01m[K/sim_ws/src/wall_follow/src/wall_follow_node.cpp:134:12:[m[K [01;31m[Kerror: [m[Kâ€˜[01m[Ktimestamp[m[Kâ€™ was not declared in this scope; did you mean â€˜[01m[Ktimercmp[m[Kâ€™?
[1.863s]   134 |         if([01;31m[Ktimestamp[m[K != 0.0){
[1.863s]       |            [01;31m[K^~~~~~~~~[m[K
[1.863s]       |            [32m[Ktimercmp[m[K
[1.863s] [01m[K/sim_ws/src/wall_follow/src/wall_follow_node.cpp:135:52:[m[K [01;31m[Kerror: [m[Kbase operand of â€˜[01m[K->[m[Kâ€™ has non-pointer type â€˜[01m[Kconst _header_type[m[Kâ€™ {aka â€˜[01m[Kconst std_msgs::msg::Header_<std::allocator<void> >[m[Kâ€™}
[1.863s]   135 |             this->dt = timestamp - scan_msg->header[01;31m[K->[m[Kstamp->nanosec;
[1.863s]       |                                                    [01;31m[K^~[m[K
[1.864s] [01m[K/sim_ws/src/wall_follow/src/wall_follow_node.cpp:137:44:[m[K [01;31m[Kerror: [m[Kbase operand of â€˜[01m[K->[m[Kâ€™ has non-pointer type â€˜[01m[Kconst _header_type[m[Kâ€™ {aka â€˜[01m[Kconst std_msgs::msg::Header_<std::allocator<void> >[m[Kâ€™}
[1.864s]   137 |         double timestamp = scan_msg->header[01;31m[K->[m[Kstamp->nanosec;
[1.864s]       |                                            [01;31m[K^~[m[K
[1.864s] [01m[K/sim_ws/src/wall_follow/src/wall_follow_node.cpp:137:16:[m[K [01;35m[Kwarning: [m[Kunused variable â€˜[01m[Ktimestamp[m[Kâ€™ [[01;35m[K-Wunused-variable[m[K]
[1.864s]   137 |         double [01;35m[Ktimestamp[m[K = scan_msg->header->stamp->nanosec;
[1.864s]       |                [01;35m[K^~~~~~~~~[m[K
[2.075s] make[2]: *** [CMakeFiles/wall_follow_node.dir/build.make:63: CMakeFiles/wall_follow_node.dir/src/wall_follow_node.cpp.o] Error 1
[2.075s] make[1]: *** [CMakeFiles/Makefile2:78: CMakeFiles/wall_follow_node.dir/all] Error 2
[2.076s] make: *** [Makefile:141: all] Error 2
[2.077s] Invoked command in '/sim_ws/build/wall_follow' returned '2': CMAKE_PREFIX_PATH=/opt/ros/foxy /usr/bin/cmake --build /sim_ws/build/wall_follow -- -j10 -l10
