[0.106s] Invoking command in '/sim_ws/build/wall_follow': CMAKE_PREFIX_PATH=/opt/ros/foxy /usr/bin/cmake --build /sim_ws/build/wall_follow -- -j10 -l10
[0.136s] [35m[1mScanning dependencies of target wall_follow_node[0m
[0.178s] [ 50%] [32mBuilding CXX object CMakeFiles/wall_follow_node.dir/src/wall_follow_node.cpp.o[0m
[0.909s] [01m[K/sim_ws/src/wall_follow/src/wall_follow_node.cpp:6:28:[m[K [01;31m[Kerror: [m[Kexpected â€˜[01m[K;[m[Kâ€™ before â€˜[01m[Kclass[m[Kâ€™
[0.909s]     6 | using std::placeholders::_1
[0.909s]       |                            [01;31m[K^[m[K
[0.909s]       |                            [32m[K;[m[K
[0.909s]     7 | 
[0.909s]     8 | [32m[Kclass[m[K WallFollow : public rclcpp::Node {
[0.909s]       | [32m[K~~~~~[m[K                       
[0.926s] [01m[K/sim_ws/src/wall_follow/src/wall_follow_node.cpp:[m[K In member function â€˜[01m[Kdouble WallFollow::get_range(float*, double, double, double)[m[Kâ€™:
[0.926s] [01m[K/sim_ws/src/wall_follow/src/wall_follow_node.cpp:49:33:[m[K [01;31m[Kerror: [m[Krequest for member â€˜[01m[Ksize[m[Kâ€™ in â€˜[01m[Krange_data[m[Kâ€™, which is of non-class type â€˜[01m[Kfloat*[m[Kâ€™
[0.926s]    49 |         int length = range_data.[01;31m[Ksize[m[K()
[0.926s]       |                                 [01;31m[K^~~~[m[K
[0.926s] [01m[K/sim_ws/src/wall_follow/src/wall_follow_node.cpp:51:32:[m[K [01;31m[Kerror: [m[Kinvalid types â€˜[01m[Kfloat*[<unresolved overloaded function type>][m[Kâ€™ for array subscript
[0.926s]    51 |         return range_data[index[01;31m[K][m[K;
[0.926s]       |                                [01;31m[K^[m[K
[0.926s] [01m[K/sim_ws/src/wall_follow/src/wall_follow_node.cpp:49:13:[m[K [01;35m[Kwarning: [m[Kunused variable â€˜[01m[Klength[m[Kâ€™ [[01;35m[K-Wunused-variable[m[K]
[0.926s]    49 |         int [01;35m[Klength[m[K = range_data.size()
[0.926s]       |             [01;35m[K^~~~~~[m[K
[0.926s] [01m[K/sim_ws/src/wall_follow/src/wall_follow_node.cpp:37:48:[m[K [01;35m[Kwarning: [m[Kunused parameter â€˜[01m[Kangle[m[Kâ€™ [[01;35m[K-Wunused-parameter[m[K]
[0.926s]    37 |     double get_range(float* range_data, [01;35m[Kdouble angle[m[K, double min_angle, double angle_increment)
[0.927s]       |                                         [01;35m[K~~~~~~~^~~~~[m[K
[0.927s] [01m[K/sim_ws/src/wall_follow/src/wall_follow_node.cpp:37:62:[m[K [01;35m[Kwarning: [m[Kunused parameter â€˜[01m[Kmin_angle[m[Kâ€™ [[01;35m[K-Wunused-parameter[m[K]
[0.927s]    37 |     double get_range(float* range_data, double angle, [01;35m[Kdouble min_angle[m[K, double angle_increment)
[0.927s]       |                                                       [01;35m[K~~~~~~~^~~~~~~~~[m[K
[0.927s] [01m[K/sim_ws/src/wall_follow/src/wall_follow_node.cpp:37:80:[m[K [01;35m[Kwarning: [m[Kunused parameter â€˜[01m[Kangle_increment[m[Kâ€™ [[01;35m[K-Wunused-parameter[m[K]
[0.927s]    37 |     double get_range(float* range_data, double angle, double min_angle, [01;35m[Kdouble angle_increment[m[K)
[0.927s]       |                                                                         [01;35m[K~~~~~~~^~~~~~~~~~~~~~~[m[K
[0.927s] [01m[K/sim_ws/src/wall_follow/src/wall_follow_node.cpp:[m[K In member function â€˜[01m[Kdouble WallFollow::get_error(float*, double, double, double)[m[Kâ€™:
[0.927s] [01m[K/sim_ws/src/wall_follow/src/wall_follow_node.cpp:66:9:[m[K [01;31m[Kerror: [m[Kâ€˜[01m[KL[m[Kâ€™ was not declared in this scope
[0.927s]    66 |         [01;31m[KL[m[K = 0.2 //lookahead distance
[0.927s]       |         [01;31m[K^[m[K
[0.928s] [01m[K/sim_ws/src/wall_follow/src/wall_follow_node.cpp:69:42:[m[K [01;31m[Kerror: [m[Kâ€˜[01m[Ktheta[m[Kâ€™ was not declared in this scope
[0.928s]    69 |         double alpha = atan((a_range*cos([01;31m[Ktheta[m[K) - b_range)/a_range*sin(theta))
[0.928s]       |                                          [01;31m[K^~~~~[m[K
[0.929s] [01m[K/sim_ws/src/wall_follow/src/wall_follow_node.cpp:76:16:[m[K [01;31m[Kerror: [m[Kâ€˜[01m[KDtplus1[m[Kâ€™ was not declared in this scope
[0.929s]    76 |         return([01;31m[KDtplus1[m[K - DistToWall);
[0.929s]       |                [01;31m[K^~~~~~~[m[K
[0.931s] [01m[K/sim_ws/src/wall_follow/src/wall_follow_node.cpp:76:26:[m[K [01;31m[Kerror: [m[Kâ€˜[01m[KDistToWall[m[Kâ€™ was not declared in this scope
[0.931s]    76 |         return(Dtplus1 - [01;31m[KDistToWall[m[K);
[0.931s]       |                          [01;31m[K^~~~~~~~~~[m[K
[0.931s] [01m[K/sim_ws/src/wall_follow/src/wall_follow_node.cpp:69:16:[m[K [01;35m[Kwarning: [m[Kunused variable â€˜[01m[Kalpha[m[Kâ€™ [[01;35m[K-Wunused-variable[m[K]
[0.931s]    69 |         double [01;35m[Kalpha[m[K = atan((a_range*cos(theta) - b_range)/a_range*sin(theta))
[0.931s]       |                [01;35m[K^~~~~[m[K
[0.931s] [01m[K/sim_ws/src/wall_follow/src/wall_follow_node.cpp:54:29:[m[K [01;35m[Kwarning: [m[Kunused parameter â€˜[01m[Krange_data[m[Kâ€™ [[01;35m[K-Wunused-parameter[m[K]
[0.931s]    54 |     double get_error([01;35m[Kfloat* range_data[m[K, double dist, double a_range, double b_range)
[0.931s]       |                      [01;35m[K~~~~~~~^~~~~~~~~~[m[K
[0.931s] [01m[K/sim_ws/src/wall_follow/src/wall_follow_node.cpp:54:48:[m[K [01;35m[Kwarning: [m[Kunused parameter â€˜[01m[Kdist[m[Kâ€™ [[01;35m[K-Wunused-parameter[m[K]
[0.932s]    54 |     double get_error(float* range_data, [01;35m[Kdouble dist[m[K, double a_range, double b_range)
[0.932s]       |                                         [01;35m[K~~~~~~~^~~~[m[K
[0.932s] [01m[K/sim_ws/src/wall_follow/src/wall_follow_node.cpp:[m[K In member function â€˜[01m[Kvoid WallFollow::pid_control(double)[m[Kâ€™:
[0.932s] [01m[K/sim_ws/src/wall_follow/src/wall_follow_node.cpp:102:30:[m[K [01;31m[Kerror: [m[Kexpected identifier before â€˜[01m[K([m[Kâ€™ token
[0.932s]   102 |          if (abs(u) >= 0) && [01;31m[K([m[Kabs(u) < 10){
[0.932s]       |                              [01;31m[K^[m[K
[0.932s] [01m[K/sim_ws/src/wall_follow/src/wall_follow_node.cpp:102:30:[m[K [01;35m[Kwarning: [m[Ktaking the address of a label is non-standard [[01;35m[K-Wpedantic[m[K]
[0.932s] [01m[K/sim_ws/src/wall_follow/src/wall_follow_node.cpp:104:36:[m[K [01;31m[Kerror: [m[Kexpected identifier before â€˜[01m[K([m[Kâ€™ token
[0.932s]   104 |         } else if (abs(u) > 10) && [01;31m[K([m[Kabs(u) < 20){
[0.932s]       |                                    [01;31m[K^[m[K
[0.932s] [01m[K/sim_ws/src/wall_follow/src/wall_follow_node.cpp:104:36:[m[K [01;35m[Kwarning: [m[Ktaking the address of a label is non-standard [[01;35m[K-Wpedantic[m[K]
[0.933s] [01m[K/sim_ws/src/wall_follow/src/wall_follow_node.cpp:107:13:[m[K [01;31m[Kerror: [m[Kâ€˜[01m[Kvelocity[m[Kâ€™ was not declared in this scope
[0.933s]   107 |             [01;31m[Kvelocity[m[K = 0.5;
[0.933s]       |             [01;31m[K^~~~~~~~[m[K
[0.933s] [01m[K/sim_ws/src/wall_follow/src/wall_follow_node.cpp:110:25:[m[K [01;31m[Kerror: [m[Kâ€˜[01m[Kusing _drive_type = struct ackermann_msgs::msg::AckermannDrive_<std::allocator<void> >[m[Kâ€™ {aka â€˜[01m[Kstruct ackermann_msgs::msg::AckermannDrive_<std::allocator<void> >[m[Kâ€™} has no member named â€˜[01m[Kvelocity[m[Kâ€™
[0.933s]   110 |         drive_msg.drive.[01;31m[Kvelocity[m[K = velocity
[0.933s]       |                         [01;31m[K^~~~~~~~[m[K
[0.934s] [01m[K/sim_ws/src/wall_follow/src/wall_follow_node.cpp:110:36:[m[K [01;31m[Kerror: [m[Kâ€˜[01m[Kvelocity[m[Kâ€™ was not declared in this scope
[0.934s]   110 |         drive_msg.drive.velocity = [01;31m[Kvelocity[m[K
[0.934s]       |                                    [01;31m[K^~~~~~~~[m[K
[0.936s] [01m[K/sim_ws/src/wall_follow/src/wall_follow_node.cpp:[m[K In member function â€˜[01m[Kvoid WallFollow::scan_callback(sensor_msgs::msg::LaserScan_<std::allocator<void> >::ConstSharedPtr)[m[Kâ€™:
[0.936s] [01m[K/sim_ws/src/wall_follow/src/wall_follow_node.cpp:130:78:[m[K [01;31m[Kerror: [m[Kâ€˜[01m[Kusing element_type = const struct sensor_msgs::msg::LaserScan_<std::allocator<void> >[m[Kâ€™ {aka â€˜[01m[Kconst struct sensor_msgs::msg::LaserScan_<std::allocator<void> >[m[Kâ€™} has no member named â€˜[01m[Kmin_angle[m[Kâ€™
[0.936s]   130 |         double a_range = get_range(scan_msg->ranges, a_scan_angle, scan_msg->[01;31m[Kmin_angle[m[K, scan_msg->angle_increment);
[0.936s]       |                                                                              [01;31m[K^~~~~~~~~[m[K
[0.936s] [01m[K/sim_ws/src/wall_follow/src/wall_follow_node.cpp:131:78:[m[K [01;31m[Kerror: [m[Kâ€˜[01m[Kusing element_type = const struct sensor_msgs::msg::LaserScan_<std::allocator<void> >[m[Kâ€™ {aka â€˜[01m[Kconst struct sensor_msgs::msg::LaserScan_<std::allocator<void> >[m[Kâ€™} has no member named â€˜[01m[Kmin_angle[m[Kâ€™
[0.936s]   131 |         double b_range = get_range(scan_msg->ranges, b_scan_angle, scan_msg->[01;31m[Kmin_angle[m[K, scan_msg->angle_increment);
[0.936s]       |                                                                              [01;31m[K^~~~~~~~~[m[K
[0.936s] [01m[K/sim_ws/src/wall_follow/src/wall_follow_node.cpp:133:13:[m[K [01;31m[Kerror: [m[Kexpected â€˜[01m[K;[m[Kâ€™ before â€˜[01m[Kprev_error[m[Kâ€™
[0.936s]   133 |         this[01;31m[K [m[K[32m[Kprev_error[m[K = this->error;
[0.936s]       |             [01;31m[K^[m[K[32m[K~~~~~~~~~~[m[K
[0.936s]       |             [32m[K;[m[K
[0.936s] [01m[K/sim_ws/src/wall_follow/src/wall_follow_node.cpp:133:38:[m[K [01;35m[Kwarning: [m[Kstatement has no effect [[01;35m[K-Wunused-value[m[K]
[0.936s]   133 |         this prev_error = this->error[01;35m[K;[m[K
[0.936s]       |                                      [01;35m[K^[m[K
[0.938s] [01m[K/sim_ws/src/wall_follow/src/wall_follow_node.cpp:134:51:[m[K [01;31m[Kerror: [m[Kâ€˜[01m[Kdist_to_wall[m[Kâ€™ was not declared in this scope
[0.938s]   134 |         this->error = get_error(scan_msg->ranges, [01;31m[Kdist_to_wall[m[K, a_range, b_range); // degrees
[0.938s]       |                                                   [01;31m[K^~~~~~~~~~~~[m[K
[0.938s] [01m[K/sim_ws/src/wall_follow/src/wall_follow_node.cpp:135:38:[m[K [01;31m[Kerror: [m[Kexpected â€˜[01m[K;[m[Kâ€™ before â€˜[01m[Kdouble[m[Kâ€™
[0.938s]   135 |         this->integral += this->error
[0.938s]       |                                      [01;31m[K^[m[K
[0.938s]       |                                      [32m[K;[m[K
[0.938s]   136 | 
[0.938s]   137 |         [32m[Kdouble[m[K timestamp = 0.0;
[0.938s]       |         [32m[K~~~~~~[m[K                        
[0.939s] [01m[K/sim_ws/src/wall_follow/src/wall_follow_node.cpp:138:12:[m[K [01;31m[Kerror: [m[Kâ€˜[01m[Ktimestamp[m[Kâ€™ was not declared in this scope; did you mean â€˜[01m[Ktimercmp[m[Kâ€™?
[0.939s]   138 |         if([01;31m[Ktimestamp[m[K != 0.0){
[0.939s]       |            [01;31m[K^~~~~~~~~[m[K
[0.939s]       |            [32m[Ktimercmp[m[K
[0.939s] [01m[K/sim_ws/src/wall_follow/src/wall_follow_node.cpp:139:52:[m[K [01;31m[Kerror: [m[Kbase operand of â€˜[01m[K->[m[Kâ€™ has non-pointer type â€˜[01m[Kconst _header_type[m[Kâ€™ {aka â€˜[01m[Kconst std_msgs::msg::Header_<std::allocator<void> >[m[Kâ€™}
[0.939s]   139 |             this->dt = timestamp - scan_msg->header[01;31m[K->[m[Kstamp->nanosec;
[0.939s]       |                                                    [01;31m[K^~[m[K
[0.940s] [01m[K/sim_ws/src/wall_follow/src/wall_follow_node.cpp:141:44:[m[K [01;31m[Kerror: [m[Kbase operand of â€˜[01m[K->[m[Kâ€™ has non-pointer type â€˜[01m[Kconst _header_type[m[Kâ€™ {aka â€˜[01m[Kconst std_msgs::msg::Header_<std::allocator<void> >[m[Kâ€™}
[0.940s]   141 |         double timestamp = scan_msg->header[01;31m[K->[m[Kstamp->nanosec;
[0.940s]       |                                            [01;31m[K^~[m[K
[0.940s] [01m[K/sim_ws/src/wall_follow/src/wall_follow_node.cpp:141:16:[m[K [01;35m[Kwarning: [m[Kunused variable â€˜[01m[Ktimestamp[m[Kâ€™ [[01;35m[K-Wunused-variable[m[K]
[0.940s]   141 |         double [01;35m[Ktimestamp[m[K = scan_msg->header->stamp->nanosec;
[0.940s]       |                [01;35m[K^~~~~~~~~[m[K
[1.753s] make[2]: *** [CMakeFiles/wall_follow_node.dir/build.make:63: CMakeFiles/wall_follow_node.dir/src/wall_follow_node.cpp.o] Error 1
[1.753s] make[1]: *** [CMakeFiles/Makefile2:78: CMakeFiles/wall_follow_node.dir/all] Error 2
[1.753s] make: *** [Makefile:141: all] Error 2
[1.754s] Invoked command in '/sim_ws/build/wall_follow' returned '2': CMAKE_PREFIX_PATH=/opt/ros/foxy /usr/bin/cmake --build /sim_ws/build/wall_follow -- -j10 -l10
