[0.118s] Invoking command in '/sim_ws/build/wall_follow': CMAKE_PREFIX_PATH=${CMAKE_PREFIX_PATH}:/sim_ws/install/f1tenth_gym_ros:/opt/ros/foxy /usr/bin/cmake --build /sim_ws/build/wall_follow -- -j10 -l10
[0.149s] [35m[1mScanning dependencies of target wall_follow_node[0m
[0.190s] [ 50%] [32mBuilding CXX object CMakeFiles/wall_follow_node.dir/src/wall_follow_node.cpp.o[0m
[0.921s] [01m[K/sim_ws/src/wall_follow/src/wall_follow_node.cpp:[m[K In member function â€˜[01m[Kvoid WallFollow::pid_control(double)[m[Kâ€™:
[0.921s] [01m[K/sim_ws/src/wall_follow/src/wall_follow_node.cpp:99:76:[m[K [01;31m[Kerror: [m[Kexpected â€˜[01m[K)[m[Kâ€™ before â€˜[01m[K;[m[Kâ€™ token
[0.921s]    99 |         u += this->kd*[34m[K([m[K(error - this->prev_error)/(this->dt*pow(10.0,-9.0))[01;31m[K;[m[K}
[0.921s]       |                       [34m[K~[m[K                                                    [01;31m[K^[m[K
[0.921s]       |                                                                            [32m[K)[m[K
[0.921s] [01m[K/sim_ws/src/wall_follow/src/wall_follow_node.cpp:102:89:[m[K [01;31m[Kerror: [m[Kinvalid operands of types â€˜[01m[Kdouble[m[Kâ€™ and â€˜[01m[K<unresolved overloaded function type>[m[Kâ€™ to binary â€˜[01m[Koperator<<[m[Kâ€™
[0.921s]   102 |         std::cout << "e_dot: " << ([01;31m[K(error - this->prev_error)/(this->dt*pow(10.0,-9.0)) << std::endl[m[K;
[0.921s]       |                                    [01;31m[K~~~~~~~~~~~~~~~~~~~~~~~~~~~~~~~~~~~~~~~~~~~~~~~~~~~~~^~~~~~~~~~~~[m[K
[0.921s] [01m[K/sim_ws/src/wall_follow/src/wall_follow_node.cpp:102:101:[m[K [01;31m[Kerror: [m[Kexpected â€˜[01m[K)[m[Kâ€™ before â€˜[01m[K;[m[Kâ€™ token
[0.921s]   102 |         std::cout << "e_dot: " << [34m[K([m[K(error - this->prev_error)/(this->dt*pow(10.0,-9.0)) << std::endl[01;31m[K;[m[K
[0.921s]       |                                   [34m[K~[m[K                                                                 [01;31m[K^[m[K
[0.921s]       |                                                                                                     [32m[K)[m[K
[1.758s] make[2]: *** [CMakeFiles/wall_follow_node.dir/build.make:63: CMakeFiles/wall_follow_node.dir/src/wall_follow_node.cpp.o] Error 1
[1.758s] make[1]: *** [CMakeFiles/Makefile2:78: CMakeFiles/wall_follow_node.dir/all] Error 2
[1.758s] make: *** [Makefile:141: all] Error 2
[1.760s] Invoked command in '/sim_ws/build/wall_follow' returned '2': CMAKE_PREFIX_PATH=${CMAKE_PREFIX_PATH}:/sim_ws/install/f1tenth_gym_ros:/opt/ros/foxy /usr/bin/cmake --build /sim_ws/build/wall_follow -- -j10 -l10
