[0.118s] Invoking command in '/sim_ws/build/wall_follow': CMAKE_PREFIX_PATH=${CMAKE_PREFIX_PATH}:/sim_ws/install/f1tenth_gym_ros:/opt/ros/foxy /usr/bin/cmake --build /sim_ws/build/wall_follow -- -j10 -l10
[0.149s] [35m[1mScanning dependencies of target wall_follow_node[0m
[0.196s] [ 50%] [32mBuilding CXX object CMakeFiles/wall_follow_node.dir/src/wall_follow_node.cpp.o[0m
[0.923s] [01m[K/sim_ws/src/wall_follow/src/wall_follow_node.cpp:[m[K In member function â€˜[01m[Kvoid WallFollow::pid_control(double)[m[Kâ€™:
[0.923s] [01m[K/sim_ws/src/wall_follow/src/wall_follow_node.cpp:97:65:[m[K [01;31m[Kerror: [m[Kinvalid operands of types â€˜[01m[Kdouble[m[Kâ€™ and â€˜[01m[Kint[m[Kâ€™ to binary â€˜[01m[Koperator^[m[Kâ€™
[0.923s]    97 |         u += this->kd*((error - this->prev_error)/([32m[Kthis->dt*10.0[m[K[01;31m[K^[m[K[34m[K-9[m[K));}
[0.924s]       |                                                    [32m[K~~~~~~~~~~~~~[m[K[01;31m[K^[m[K[34m[K~~[m[K
[0.924s]       |                                                            [32m[K|[m[K     [34m[K|[m[K
[0.924s]       |                                                            [32m[K|[m[K     [34m[Kint[m[K
[0.924s]       |                                                            [32m[Kdouble[m[K
[0.926s] [01m[K/sim_ws/src/wall_follow/src/wall_follow_node.cpp:99:41:[m[K [01;31m[Kerror: [m[Kinvalid operands of types â€˜[01m[Kint[m[Kâ€™ and â€˜[01m[K<unresolved overloaded function type>[m[Kâ€™ to binary â€˜[01m[Koperator<<[m[Kâ€™
[0.926s]    99 |         std::cout << "dt: " << dt*10^[01;31m[K-9 << std::endl[m[K;
[0.926s]       |                                      [01;31m[K~~~^~~~~~~~~~~~[m[K
[0.926s] [01m[K/sim_ws/src/wall_follow/src/wall_follow_node.cpp:100:77:[m[K [01;31m[Kerror: [m[Kinvalid operands of types â€˜[01m[Kdouble[m[Kâ€™ and â€˜[01m[Kint[m[Kâ€™ to binary â€˜[01m[Koperator^[m[Kâ€™
[0.926s]   100 |         std::cout << "e_dot: " << ((error - this->prev_error)/([32m[Kthis->dt*10.0[m[K[01;31m[K^[m[K[34m[K-9[m[K)) << std::endl;
[0.926s]       |                                                                [32m[K~~~~~~~~~~~~~[m[K[01;31m[K^[m[K[34m[K~~[m[K
[0.926s]       |                                                                        [32m[K|[m[K     [34m[K|[m[K
[0.926s]       |                                                                        [32m[K|[m[K     [34m[Kint[m[K
[0.926s]       |                                                                        [32m[Kdouble[m[K
[1.834s] make[2]: *** [CMakeFiles/wall_follow_node.dir/build.make:63: CMakeFiles/wall_follow_node.dir/src/wall_follow_node.cpp.o] Error 1
[1.834s] make[1]: *** [CMakeFiles/Makefile2:78: CMakeFiles/wall_follow_node.dir/all] Error 2
[1.834s] make: *** [Makefile:141: all] Error 2
[1.836s] Invoked command in '/sim_ws/build/wall_follow' returned '2': CMAKE_PREFIX_PATH=${CMAKE_PREFIX_PATH}:/sim_ws/install/f1tenth_gym_ros:/opt/ros/foxy /usr/bin/cmake --build /sim_ws/build/wall_follow -- -j10 -l10
