[01m[K/sim_ws/src/wall_follow/src/wall_follow_node.cpp:[m[K In constructor â€˜[01m[KWallFollow::WallFollow()[m[Kâ€™:
[01m[K/sim_ws/src/wall_follow/src/wall_follow_node.cpp:17:9:[m[K [01;31m[Kerror: [m[Kâ€˜[01m[Kdrivepub[m[Kâ€™ was not declared in this scope
   17 |         [01;31m[Kdrivepub[m[K = this->create_publisher<ackermann_msgs::msg::AckermannDriveStamped>(drive_topic, 10);
      |         [01;31m[K^~~~~~~~[m[K
[01m[K/sim_ws/src/wall_follow/src/wall_follow_node.cpp:18:9:[m[K [01;31m[Kerror: [m[Kâ€˜[01m[Klasersub[m[Kâ€™ was not declared in this scope
   18 |         [01;31m[Klasersub[m[K = this->create_subscription<sensor_msgs::msg::LaserScan>(lidarscan_topic, 10, std::bind(&WallFollow::scan_callback, this, _1));
      |         [01;31m[K^~~~~~~~[m[K
[01m[K/sim_ws/src/wall_follow/src/wall_follow_node.cpp:18:140:[m[K [01;31m[Kerror: [m[Kâ€˜[01m[K_1[m[Kâ€™ was not declared in this scope; did you mean â€˜[01m[Kstd::placeholders::_1[m[Kâ€™?
   18 |         lasersub = this->create_subscription<sensor_msgs::msg::LaserScan>(lidarscan_topic, 10, std::bind(&WallFollow::scan_callback, this, [01;31m[K_1[m[K));
      |                                                                                                                                            [01;31m[K^~[m[K
      |                                                                                                                                            [32m[Kstd::placeholders::_1[m[K
In file included from [01m[K/opt/ros/foxy/include/rclcpp/context.hpp:19[m[K,
                 from [01m[K/opt/ros/foxy/include/rclcpp/contexts/default_context.hpp:18[m[K,
                 from [01m[K/opt/ros/foxy/include/rclcpp/executor.hpp:32[m[K,
                 from [01m[K/opt/ros/foxy/include/rclcpp/executors/multi_threaded_executor.hpp:26[m[K,
                 from [01m[K/opt/ros/foxy/include/rclcpp/executors.hpp:21[m[K,
                 from [01m[K/opt/ros/foxy/include/rclcpp/rclcpp.hpp:146[m[K,
                 from [01m[K/sim_ws/src/wall_follow/src/wall_follow_node.cpp:1[m[K:
[01m[K/usr/include/c++/9/functional:211:34:[m[K [01;36m[Knote: [m[Kâ€˜[01m[Kstd::placeholders::_1[m[Kâ€™ declared here
  211 |     extern const _Placeholder<1> [01;36m[K_1[m[K;
      |                                  [01;36m[K^~[m[K
[01m[K/sim_ws/src/wall_follow/src/wall_follow_node.cpp:[m[K In member function â€˜[01m[Kdouble WallFollow::get_range(float*, double, double, double)[m[Kâ€™:
[01m[K/sim_ws/src/wall_follow/src/wall_follow_node.cpp:45:33:[m[K [01;31m[Kerror: [m[Krequest for member â€˜[01m[Ksize[m[Kâ€™ in â€˜[01m[Krange_data[m[Kâ€™, which is of non-class type â€˜[01m[Kfloat*[m[Kâ€™
   45 |         int length = range_data.[01;31m[Ksize[m[K()
      |                                 [01;31m[K^~~~[m[K
[01m[K/sim_ws/src/wall_follow/src/wall_follow_node.cpp:47:32:[m[K [01;31m[Kerror: [m[Kinvalid types â€˜[01m[Kfloat*[<unresolved overloaded function type>][m[Kâ€™ for array subscript
   47 |         return range_data[index[01;31m[K][m[K;
      |                                [01;31m[K^[m[K
[01m[K/sim_ws/src/wall_follow/src/wall_follow_node.cpp:45:13:[m[K [01;35m[Kwarning: [m[Kunused variable â€˜[01m[Klength[m[Kâ€™ [[01;35m[K-Wunused-variable[m[K]
   45 |         int [01;35m[Klength[m[K = range_data.size()
      |             [01;35m[K^~~~~~[m[K
[01m[K/sim_ws/src/wall_follow/src/wall_follow_node.cpp:33:48:[m[K [01;35m[Kwarning: [m[Kunused parameter â€˜[01m[Kangle[m[Kâ€™ [[01;35m[K-Wunused-parameter[m[K]
   33 |     double get_range(float* range_data, [01;35m[Kdouble angle[m[K, double min_angle, double angle_increment)
      |                                         [01;35m[K~~~~~~~^~~~~[m[K
[01m[K/sim_ws/src/wall_follow/src/wall_follow_node.cpp:33:62:[m[K [01;35m[Kwarning: [m[Kunused parameter â€˜[01m[Kmin_angle[m[Kâ€™ [[01;35m[K-Wunused-parameter[m[K]
   33 |     double get_range(float* range_data, double angle, [01;35m[Kdouble min_angle[m[K, double angle_increment)
      |                                                       [01;35m[K~~~~~~~^~~~~~~~~[m[K
[01m[K/sim_ws/src/wall_follow/src/wall_follow_node.cpp:33:80:[m[K [01;35m[Kwarning: [m[Kunused parameter â€˜[01m[Kangle_increment[m[Kâ€™ [[01;35m[K-Wunused-parameter[m[K]
   33 |     double get_range(float* range_data, double angle, double min_angle, [01;35m[Kdouble angle_increment[m[K)
      |                                                                         [01;35m[K~~~~~~~^~~~~~~~~~~~~~~[m[K
[01m[K/sim_ws/src/wall_follow/src/wall_follow_node.cpp:[m[K In member function â€˜[01m[Kdouble WallFollow::get_error(float*, double, double, double)[m[Kâ€™:
[01m[K/sim_ws/src/wall_follow/src/wall_follow_node.cpp:62:9:[m[K [01;31m[Kerror: [m[Kâ€˜[01m[KL[m[Kâ€™ was not declared in this scope
   62 |         [01;31m[KL[m[K = 0.2 //lookahead distance
      |         [01;31m[K^[m[K
[01m[K/sim_ws/src/wall_follow/src/wall_follow_node.cpp:65:42:[m[K [01;31m[Kerror: [m[Kâ€˜[01m[Ktheta[m[Kâ€™ was not declared in this scope
   65 |         double alpha = atan((a_range*cos([01;31m[Ktheta[m[K) - b_range)/a_range*sin(theta))
      |                                          [01;31m[K^~~~~[m[K
[01m[K/sim_ws/src/wall_follow/src/wall_follow_node.cpp:72:16:[m[K [01;31m[Kerror: [m[Kâ€˜[01m[KDtplus1[m[Kâ€™ was not declared in this scope
   72 |         return([01;31m[KDtplus1[m[K - DistToWall);
      |                [01;31m[K^~~~~~~[m[K
[01m[K/sim_ws/src/wall_follow/src/wall_follow_node.cpp:72:26:[m[K [01;31m[Kerror: [m[Kâ€˜[01m[KDistToWall[m[Kâ€™ was not declared in this scope
   72 |         return(Dtplus1 - [01;31m[KDistToWall[m[K);
      |                          [01;31m[K^~~~~~~~~~[m[K
[01m[K/sim_ws/src/wall_follow/src/wall_follow_node.cpp:65:16:[m[K [01;35m[Kwarning: [m[Kunused variable â€˜[01m[Kalpha[m[Kâ€™ [[01;35m[K-Wunused-variable[m[K]
   65 |         double [01;35m[Kalpha[m[K = atan((a_range*cos(theta) - b_range)/a_range*sin(theta))
      |                [01;35m[K^~~~~[m[K
[01m[K/sim_ws/src/wall_follow/src/wall_follow_node.cpp:50:29:[m[K [01;35m[Kwarning: [m[Kunused parameter â€˜[01m[Krange_data[m[Kâ€™ [[01;35m[K-Wunused-parameter[m[K]
   50 |     double get_error([01;35m[Kfloat* range_data[m[K, double dist, double a_range, double b_range)
      |                      [01;35m[K~~~~~~~^~~~~~~~~~[m[K
[01m[K/sim_ws/src/wall_follow/src/wall_follow_node.cpp:50:48:[m[K [01;35m[Kwarning: [m[Kunused parameter â€˜[01m[Kdist[m[Kâ€™ [[01;35m[K-Wunused-parameter[m[K]
   50 |     double get_error(float* range_data, [01;35m[Kdouble dist[m[K, double a_range, double b_range)
      |                                         [01;35m[K~~~~~~~^~~~[m[K
[01m[K/sim_ws/src/wall_follow/src/wall_follow_node.cpp:[m[K In member function â€˜[01m[Kvoid WallFollow::pid_control(double)[m[Kâ€™:
[01m[K/sim_ws/src/wall_follow/src/wall_follow_node.cpp:98:30:[m[K [01;31m[Kerror: [m[Kexpected identifier before â€˜[01m[K([m[Kâ€™ token
   98 |          if (abs(u) >= 0) && [01;31m[K([m[Kabs(u) < 10){
      |                              [01;31m[K^[m[K
[01m[K/sim_ws/src/wall_follow/src/wall_follow_node.cpp:98:30:[m[K [01;35m[Kwarning: [m[Ktaking the address of a label is non-standard [[01;35m[K-Wpedantic[m[K]
[01m[K/sim_ws/src/wall_follow/src/wall_follow_node.cpp:100:36:[m[K [01;31m[Kerror: [m[Kexpected identifier before â€˜[01m[K([m[Kâ€™ token
  100 |         } else if (abs(u) > 10) && [01;31m[K([m[Kabs(u) < 20){
      |                                    [01;31m[K^[m[K
[01m[K/sim_ws/src/wall_follow/src/wall_follow_node.cpp:100:36:[m[K [01;35m[Kwarning: [m[Ktaking the address of a label is non-standard [[01;35m[K-Wpedantic[m[K]
[01m[K/sim_ws/src/wall_follow/src/wall_follow_node.cpp:103:13:[m[K [01;31m[Kerror: [m[Kâ€˜[01m[Kvelocity[m[Kâ€™ was not declared in this scope
  103 |             [01;31m[Kvelocity[m[K = 0.5;
      |             [01;31m[K^~~~~~~~[m[K
[01m[K/sim_ws/src/wall_follow/src/wall_follow_node.cpp:106:25:[m[K [01;31m[Kerror: [m[Kâ€˜[01m[Kusing _drive_type = struct ackermann_msgs::msg::AckermannDrive_<std::allocator<void> >[m[Kâ€™ {aka â€˜[01m[Kstruct ackermann_msgs::msg::AckermannDrive_<std::allocator<void> >[m[Kâ€™} has no member named â€˜[01m[Kvelocity[m[Kâ€™
  106 |         drive_msg.drive.[01;31m[Kvelocity[m[K = velocity
      |                         [01;31m[K^~~~~~~~[m[K
[01m[K/sim_ws/src/wall_follow/src/wall_follow_node.cpp:106:36:[m[K [01;31m[Kerror: [m[Kâ€˜[01m[Kvelocity[m[Kâ€™ was not declared in this scope
  106 |         drive_msg.drive.velocity = [01;31m[Kvelocity[m[K
      |                                    [01;31m[K^~~~~~~~[m[K
[01m[K/sim_ws/src/wall_follow/src/wall_follow_node.cpp:[m[K In member function â€˜[01m[Kvoid WallFollow::scan_callback(sensor_msgs::msg::LaserScan_<std::allocator<void> >::ConstSharedPtr)[m[Kâ€™:
[01m[K/sim_ws/src/wall_follow/src/wall_follow_node.cpp:126:78:[m[K [01;31m[Kerror: [m[Kâ€˜[01m[Kusing element_type = const struct sensor_msgs::msg::LaserScan_<std::allocator<void> >[m[Kâ€™ {aka â€˜[01m[Kconst struct sensor_msgs::msg::LaserScan_<std::allocator<void> >[m[Kâ€™} has no member named â€˜[01m[Kmin_angle[m[Kâ€™
  126 |         double a_range = get_range(scan_msg->ranges, a_scan_angle, scan_msg->[01;31m[Kmin_angle[m[K, scan_msg->angle_increment);
      |                                                                              [01;31m[K^~~~~~~~~[m[K
[01m[K/sim_ws/src/wall_follow/src/wall_follow_node.cpp:127:78:[m[K [01;31m[Kerror: [m[Kâ€˜[01m[Kusing element_type = const struct sensor_msgs::msg::LaserScan_<std::allocator<void> >[m[Kâ€™ {aka â€˜[01m[Kconst struct sensor_msgs::msg::LaserScan_<std::allocator<void> >[m[Kâ€™} has no member named â€˜[01m[Kmin_angle[m[Kâ€™
  127 |         double b_range = get_range(scan_msg->ranges, b_scan_angle, scan_msg->[01;31m[Kmin_angle[m[K, scan_msg->angle_increment);
      |                                                                              [01;31m[K^~~~~~~~~[m[K
[01m[K/sim_ws/src/wall_follow/src/wall_follow_node.cpp:129:13:[m[K [01;31m[Kerror: [m[Kexpected â€˜[01m[K;[m[Kâ€™ before â€˜[01m[Kprev_error[m[Kâ€™
  129 |         this[01;31m[K [m[K[32m[Kprev_error[m[K = this->error;
      |             [01;31m[K^[m[K[32m[K~~~~~~~~~~[m[K
      |             [32m[K;[m[K
[01m[K/sim_ws/src/wall_follow/src/wall_follow_node.cpp:129:38:[m[K [01;35m[Kwarning: [m[Kstatement has no effect [[01;35m[K-Wunused-value[m[K]
  129 |         this prev_error = this->error[01;35m[K;[m[K
      |                                      [01;35m[K^[m[K
[01m[K/sim_ws/src/wall_follow/src/wall_follow_node.cpp:130:51:[m[K [01;31m[Kerror: [m[Kâ€˜[01m[Kdist_to_wall[m[Kâ€™ was not declared in this scope
  130 |         this->error = get_error(scan_msg->ranges, [01;31m[Kdist_to_wall[m[K, a_range, b_range); // degrees
      |                                                   [01;31m[K^~~~~~~~~~~~[m[K
[01m[K/sim_ws/src/wall_follow/src/wall_follow_node.cpp:131:38:[m[K [01;31m[Kerror: [m[Kexpected â€˜[01m[K;[m[Kâ€™ before â€˜[01m[Kdouble[m[Kâ€™
  131 |         this->integral += this->error
      |                                      [01;31m[K^[m[K
      |                                      [32m[K;[m[K
  132 | 
  133 |         [32m[Kdouble[m[K timestamp = 0.0;
      |         [32m[K~~~~~~[m[K                        
[01m[K/sim_ws/src/wall_follow/src/wall_follow_node.cpp:134:12:[m[K [01;31m[Kerror: [m[Kâ€˜[01m[Ktimestamp[m[Kâ€™ was not declared in this scope; did you mean â€˜[01m[Ktimercmp[m[Kâ€™?
  134 |         if([01;31m[Ktimestamp[m[K != 0.0){
      |            [01;31m[K^~~~~~~~~[m[K
      |            [32m[Ktimercmp[m[K
[01m[K/sim_ws/src/wall_follow/src/wall_follow_node.cpp:135:52:[m[K [01;31m[Kerror: [m[Kbase operand of â€˜[01m[K->[m[Kâ€™ has non-pointer type â€˜[01m[Kconst _header_type[m[Kâ€™ {aka â€˜[01m[Kconst std_msgs::msg::Header_<std::allocator<void> >[m[Kâ€™}
  135 |             this->dt = timestamp - scan_msg->header[01;31m[K->[m[Kstamp->nanosec;
      |                                                    [01;31m[K^~[m[K
[01m[K/sim_ws/src/wall_follow/src/wall_follow_node.cpp:137:44:[m[K [01;31m[Kerror: [m[Kbase operand of â€˜[01m[K->[m[Kâ€™ has non-pointer type â€˜[01m[Kconst _header_type[m[Kâ€™ {aka â€˜[01m[Kconst std_msgs::msg::Header_<std::allocator<void> >[m[Kâ€™}
  137 |         double timestamp = scan_msg->header[01;31m[K->[m[Kstamp->nanosec;
      |                                            [01;31m[K^~[m[K
[01m[K/sim_ws/src/wall_follow/src/wall_follow_node.cpp:137:16:[m[K [01;35m[Kwarning: [m[Kunused variable â€˜[01m[Ktimestamp[m[Kâ€™ [[01;35m[K-Wunused-variable[m[K]
  137 |         double [01;35m[Ktimestamp[m[K = scan_msg->header->stamp->nanosec;
      |                [01;35m[K^~~~~~~~~[m[K
make[2]: *** [CMakeFiles/wall_follow_node.dir/build.make:63: CMakeFiles/wall_follow_node.dir/src/wall_follow_node.cpp.o] Error 1
make[1]: *** [CMakeFiles/Makefile2:78: CMakeFiles/wall_follow_node.dir/all] Error 2
make: *** [Makefile:141: all] Error 2
